d:\h.e.h\travaux\tfe\couche logicielle\cqltosql\cqltosql\debug\vc142.pdb
d:\h.e.h\travaux\tfe\couche logicielle\cqltosql\cqltosql\debug\vc142.idb
d:\h.e.h\travaux\tfe\couche logicielle\cqltosql\cqltosql\debug\whereclause.obj
d:\h.e.h\travaux\tfe\couche logicielle\cqltosql\cqltosql\debug\selectstatement.obj
d:\h.e.h\travaux\tfe\couche logicielle\cqltosql\cqltosql\debug\selectclause.obj
d:\h.e.h\travaux\tfe\couche logicielle\cqltosql\cqltosql\debug\inputquery.obj
d:\h.e.h\travaux\tfe\couche logicielle\cqltosql\cqltosql\debug\fromclause.obj
d:\h.e.h\travaux\tfe\couche logicielle\cqltosql\cqltosql\debug\cqltosql.obj
d:\h.e.h\travaux\tfe\couche logicielle\cqltosql\cqltosql\debug\valuesclause.obj
d:\h.e.h\travaux\tfe\couche logicielle\cqltosql\cqltosql\debug\updatestatement.obj
d:\h.e.h\travaux\tfe\couche logicielle\cqltosql\cqltosql\debug\updateclause.obj
d:\h.e.h\travaux\tfe\couche logicielle\cqltosql\cqltosql\debug\setclause.obj
d:\h.e.h\travaux\tfe\couche logicielle\cqltosql\cqltosql\debug\insertstatement.obj
d:\h.e.h\travaux\tfe\couche logicielle\cqltosql\cqltosql\debug\insertintoclause.obj
d:\h.e.h\travaux\tfe\couche logicielle\cqltosql\cqltosql\debug\deletestatement.obj
d:\h.e.h\travaux\tfe\couche logicielle\cqltosql\cqltosql\debug\deleteclause.obj
d:\h.e.h\travaux\tfe\cqltosql\cqltosql\debug\cqltosql.exe
d:\h.e.h\travaux\tfe\cqltosql\cqltosql\debug\cqltosql.ilk
d:\h.e.h\travaux\tfe\cqltosql\cqltosql\debug\cqltosql.pdb
d:\h.e.h\travaux\tfe\couche logicielle\cqltosql\cqltosql\debug\cqltosql.exe
d:\h.e.h\travaux\tfe\couche logicielle\cqltosql\cqltosql\debug\cqltosql.ilk
d:\h.e.h\travaux\tfe\couche logicielle\cqltosql\cqltosql\debug\cqltosql.pdb
d:\h.e.h\travaux\tfe\couche logicielle\cqltosql\cqltosql\debug\cqltosql.tlog\cl.command.1.tlog
d:\h.e.h\travaux\tfe\couche logicielle\cqltosql\cqltosql\debug\cqltosql.tlog\cl.read.1.tlog
d:\h.e.h\travaux\tfe\couche logicielle\cqltosql\cqltosql\debug\cqltosql.tlog\cl.write.1.tlog
d:\h.e.h\travaux\tfe\couche logicielle\cqltosql\cqltosql\debug\cqltosql.tlog\link.command.1.tlog
d:\h.e.h\travaux\tfe\couche logicielle\cqltosql\cqltosql\debug\cqltosql.tlog\link.read.1.tlog
d:\h.e.h\travaux\tfe\couche logicielle\cqltosql\cqltosql\debug\cqltosql.tlog\link.write.1.tlog
